[2025-07-01 16:44:39,707] INFO] Starting fetch for api....]
[2025-07-01 16:44:40,209] INFO] Fetching the Page 1 -> 200 -> https://newsapi.org/v2/everything?q=bitcoin&page_size=20&page=1&apiKey=fd5dd9059e6c423ab6d91ea447f2e72d ]
[2025-07-01 16:44:40,214] INFO] Page 1 : Retrived 100 articles.]
[2025-07-01 16:44:41,191] INFO] Fetching the Page 2 -> 200 -> https://newsapi.org/v2/everything?q=bitcoin&page_size=20&page=2&apiKey=fd5dd9059e6c423ab6d91ea447f2e72d ]
[2025-07-01 16:44:41,193] INFO] Page 2 : Retrived 100 articles.]
[2025-07-01 16:44:41,797] INFO] Fetching the Page 3 -> 200 -> https://newsapi.org/v2/everything?q=bitcoin&page_size=20&page=3&apiKey=fd5dd9059e6c423ab6d91ea447f2e72d ]
[2025-07-01 16:44:41,801] INFO] Page 3 : Retrived 99 articles.]
[2025-07-01 16:44:42,508] INFO] Fetching the Page 4 -> 200 -> https://newsapi.org/v2/everything?q=bitcoin&page_size=20&page=4&apiKey=fd5dd9059e6c423ab6d91ea447f2e72d ]
[2025-07-01 16:44:42,512] INFO] Page 4 : Retrived 100 articles.]
[2025-07-01 16:44:42,991] INFO] Fetching the Page 5 -> 200 -> https://newsapi.org/v2/everything?q=bitcoin&page_size=20&page=5&apiKey=fd5dd9059e6c423ab6d91ea447f2e72d ]
[2025-07-01 16:44:42,994] INFO] Page 5 : Retrived 97 articles.]
[2025-07-01 16:44:42,996] INFO] Total Fetched Articles are 496]
[2025-07-01 16:44:42,999] INFO] Saved article to queue\72cfec90-f973-4c05-89f0-d77836b536ff.json]
[2025-07-01 16:44:43,003] INFO] Saved article to queue\ced7210a-a89b-4000-be43-5658bfc08bd3.json]
[2025-07-01 16:44:43,008] INFO] Saved article to queue\9eba5770-5c71-4c7f-9598-9e6a7dcbbfd4.json]
[2025-07-01 16:44:43,010] INFO] Saved article to queue\feffde30-48f0-4592-86fa-dc7e94541f40.json]
[2025-07-01 16:44:43,012] INFO] Saved article to queue\ed2cd025-251d-4271-852c-904e4dc5b794.json]
[2025-07-01 16:44:43,014] INFO] Saved article to queue\53fc1c48-210d-413f-aa07-c89112e78cb3.json]
[2025-07-01 16:44:43,016] INFO] Saved article to queue\20f5d40f-b94e-4c8d-b62b-70c04d016555.json]
[2025-07-01 16:44:43,017] INFO] Saved article to queue\3f106c6f-4405-46f9-bb6f-8b77cfac6cc3.json]
[2025-07-01 16:44:43,019] INFO] Saved article to queue\7a6e2fe0-4f57-4563-b134-9bec7841f400.json]
[2025-07-01 16:44:43,020] INFO] Saved article to queue\3d929c00-ec40-421d-b960-3a80663875bc.json]
[2025-07-01 16:44:43,021] INFO] Saved article to queue\c55ee999-f992-49da-b437-c7e6391a35ed.json]
[2025-07-01 16:44:43,023] INFO] Saved article to queue\eadfbccd-69e9-446c-9b49-aa13e730b809.json]
[2025-07-01 16:44:43,025] INFO] Saved article to queue\5d9f3782-21e5-4840-9181-a39986947277.json]
[2025-07-01 16:44:43,027] INFO] Saved article to queue\652094a5-929a-494f-8ab0-08fe31548f82.json]
[2025-07-01 16:44:43,029] INFO] Saved article to queue\9dcecf66-51be-4d26-be8a-f5ec8181c376.json]
[2025-07-01 16:44:43,030] INFO] Saved article to queue\c83b8a5a-41a4-4b88-831f-f7190dd5f325.json]
[2025-07-01 16:44:43,031] INFO] Saved article to queue\3079f5bc-fbaa-4979-8ddb-8324d57b8f7f.json]
[2025-07-01 16:44:43,033] INFO] Saved article to queue\07d49fcb-3326-4cda-901b-de4750e074dd.json]
[2025-07-01 16:44:43,035] INFO] Saved article to queue\b238e033-fa06-4878-8d6c-5d148e2a2837.json]
[2025-07-01 16:44:43,036] INFO] Saved article to queue\aeb47df7-cbf7-4974-b8a7-32c77f46d0b2.json]
[2025-07-01 16:44:43,038] INFO] Saved article to queue\41f346c6-0a80-453e-bb22-8b5d9a02fea3.json]
[2025-07-01 16:44:43,039] INFO] Saved article to queue\b584ad65-a187-4881-b98d-75f62d67c638.json]
[2025-07-01 16:44:43,040] INFO] Saved article to queue\cee071a4-1bd0-49a3-99d4-c45d5ef8bb9d.json]
[2025-07-01 16:44:43,042] INFO] Saved article to queue\9ed340a6-d37e-4b3b-88de-b9c39d6dd9c9.json]
[2025-07-01 16:44:43,043] INFO] Saved article to queue\de313380-d2e2-4abf-8a5e-de0b14d32345.json]
[2025-07-01 16:44:43,045] INFO] Saved article to queue\ff05dd42-c6d4-4d7f-a427-a2cb70855017.json]
[2025-07-01 16:44:43,046] INFO] Saved article to queue\56690915-f267-4355-8291-29f86182a2a9.json]
[2025-07-01 16:44:43,047] INFO] Saved article to queue\e2841414-adad-4f7a-b1bf-1bfe72364efc.json]
[2025-07-01 16:44:43,049] INFO] Saved article to queue\9cb3eaa7-2578-40d1-9f97-82b79cd17bbd.json]
[2025-07-01 16:44:43,050] INFO] Saved article to queue\ce6eb95c-d81f-49e7-aef5-b4c583b139dd.json]
[2025-07-01 16:44:43,052] INFO] Saved article to queue\16f14499-336c-49b0-bcc1-53b973fa0b97.json]
[2025-07-01 16:44:43,053] INFO] Saved article to queue\a4ed2afe-8ec7-497e-bc18-34c78ed0541b.json]
[2025-07-01 16:44:43,055] INFO] Saved article to queue\da7ed8f9-2858-4678-aae7-aa819805d4cc.json]
[2025-07-01 16:44:43,057] INFO] Saved article to queue\d479e30b-b63e-423e-8748-a476717389cb.json]
[2025-07-01 16:44:43,058] INFO] Saved article to queue\48bb57b5-cd51-41c9-a181-fb69df0458dd.json]
[2025-07-01 16:44:43,060] INFO] Saved article to queue\fb3b205e-f506-4eab-bd82-8cc3362a3f4b.json]
[2025-07-01 16:44:43,061] INFO] Saved article to queue\0fb829ed-1875-4691-bbf6-beeca94d43c1.json]
[2025-07-01 16:44:43,063] INFO] Saved article to queue\6b994837-bdc6-43ea-9cf7-c4530c32cf62.json]
[2025-07-01 16:44:43,065] INFO] Saved article to queue\92e74b0d-6754-4c8f-9b5a-0ab4c2183262.json]
[2025-07-01 16:44:43,066] INFO] Saved article to queue\6f8910a6-28b9-48ef-9190-83c0bbef1294.json]
[2025-07-01 16:44:43,067] INFO] Saved article to queue\a202b697-4227-49bd-9982-fc9dc3bde2a0.json]
[2025-07-01 16:44:43,069] INFO] Saved article to queue\6df5ede2-86c1-443c-b1b0-7550742e3a9b.json]
[2025-07-01 16:44:43,070] INFO] Saved article to queue\527b5a74-2758-4491-971c-476050f06263.json]
[2025-07-01 16:44:43,071] INFO] Saved article to queue\6945f282-59e6-47ac-8750-f0ad6f371e59.json]
[2025-07-01 16:44:43,073] INFO] Saved article to queue\c068b8e9-e980-47b5-a54b-4ca5c1c81e93.json]
[2025-07-01 16:44:43,074] INFO] Saved article to queue\a3060176-931f-4e7c-acb5-1b51553a21c7.json]
[2025-07-01 16:44:43,076] INFO] Saved article to queue\8ad63ad3-aa59-4fd3-9163-f64e4bacbba5.json]
[2025-07-01 16:44:43,077] INFO] Saved article to queue\734c43c1-f35d-4839-b44b-8155c9acd61a.json]
[2025-07-01 16:44:43,078] INFO] Saved article to queue\667fa033-dc54-4a46-bbff-8f5dbaa4b3de.json]
[2025-07-01 16:44:43,080] INFO] Saved article to queue\e0e77e95-8628-4031-aa71-b27e6a895c4d.json]
[2025-07-01 16:44:43,081] INFO] Saved article to queue\4587d4c7-d43d-441a-8fe9-cc810cf02c8e.json]
[2025-07-01 16:44:43,083] INFO] Saved article to queue\3bbd70cd-92f8-4eac-bcc0-efe9f03a724b.json]
[2025-07-01 16:44:43,084] INFO] Saved article to queue\38d832d6-2dc9-4e6b-baad-350873b6e2b1.json]
[2025-07-01 16:44:43,085] INFO] Saved article to queue\324d494b-2e8d-46dd-9ba5-855eed75cfa3.json]
[2025-07-01 16:44:43,087] INFO] Saved article to queue\867b0a38-b390-4e42-a738-3747541b795d.json]
[2025-07-01 16:44:43,088] INFO] Saved article to queue\766c2bae-d1cb-4d67-bb13-6974f650fa66.json]
[2025-07-01 16:44:43,090] INFO] Saved article to queue\2c8b187f-72ac-427a-95af-9a9dc0d4e186.json]
[2025-07-01 16:44:43,092] INFO] Saved article to queue\83550c37-8397-4ffd-b9ce-0bc611b903c1.json]
[2025-07-01 16:44:43,093] INFO] Saved article to queue\7a8000df-72af-4727-b902-b8f57bdea06c.json]
[2025-07-01 16:44:43,095] INFO] Saved article to queue\86c354e6-330d-42f3-a4b3-d098ead065af.json]
[2025-07-01 16:44:43,096] INFO] Saved article to queue\0df2db39-3e27-4fb7-a757-9e141c718c3a.json]
[2025-07-01 16:44:43,098] INFO] Saved article to queue\2dd6e691-0133-46c8-a166-a1a08fc39cff.json]
[2025-07-01 16:44:43,100] INFO] Saved article to queue\1de2a345-6101-4640-bc52-9f510a831df6.json]
[2025-07-01 16:44:43,102] INFO] Saved article to queue\cff14dc5-e33d-486b-8f34-30fa2d6812d9.json]
[2025-07-01 16:44:43,104] INFO] Saved article to queue\51592c92-c1c9-40b8-bdd9-c23029f7a52e.json]
[2025-07-01 16:44:43,105] INFO] Saved article to queue\14a864a9-74ab-4be5-8db9-3899f9976d7d.json]
[2025-07-01 16:44:43,107] INFO] Saved article to queue\2bc500e2-fcd8-4648-9e45-eb67da459436.json]
[2025-07-01 16:44:43,108] INFO] Saved article to queue\7352c5bf-0287-4e90-b31c-6030e431eda7.json]
[2025-07-01 16:44:43,110] INFO] Saved article to queue\c02c27e9-8a49-456c-bc9b-1aba7f647677.json]
[2025-07-01 16:44:43,111] INFO] Saved article to queue\0dd84972-6cec-475f-99d2-95e51017547f.json]
[2025-07-01 16:44:43,112] INFO] Saved article to queue\35bd23e2-dff6-4dde-aee7-f9a162da7335.json]
[2025-07-01 16:44:43,114] INFO] Saved article to queue\f960601f-d39f-4070-9781-ab73de313afd.json]
[2025-07-01 16:44:43,116] INFO] Saved article to queue\891e1649-abfc-41e1-9ab8-8e8ef8abe324.json]
[2025-07-01 16:44:43,117] INFO] Saved article to queue\5c3d8286-8eef-43f6-a5e0-af454e999da4.json]
[2025-07-01 16:44:43,118] INFO] Saved article to queue\3b3053c2-72cf-4268-a408-3dc481706be3.json]
[2025-07-01 16:44:43,120] INFO] Saved article to queue\92214c1a-cd08-47e1-ba08-f383c86e59db.json]
[2025-07-01 16:44:43,121] INFO] Saved article to queue\80683c1e-88fa-4b09-a89a-9374b98050ec.json]
[2025-07-01 16:44:43,123] INFO] Saved article to queue\3c2528d6-9919-402b-b41f-639c7faedccf.json]
[2025-07-01 16:44:43,125] INFO] Saved article to queue\0c901969-a44f-4d8e-990b-64268801c5c9.json]
[2025-07-01 16:44:43,126] INFO] Saved article to queue\2b7ff8aa-9bce-4b54-a447-d9f67e1b1e9b.json]
[2025-07-01 16:44:43,128] INFO] Saved article to queue\66c7349b-040f-4eb7-bc7d-43dfd12f72cd.json]
[2025-07-01 16:44:43,129] INFO] Saved article to queue\1512f634-00e9-419c-8aa2-9c6274e84bcb.json]
[2025-07-01 16:44:43,131] INFO] Saved article to queue\71a716f0-4500-4259-ac38-39f6bedd4af9.json]
[2025-07-01 16:44:43,133] INFO] Saved article to queue\a305d975-bb0d-42a4-b630-04ce912f4105.json]
[2025-07-01 16:44:43,135] INFO] Saved article to queue\c3b53156-91d7-4e03-8f9e-29b6eff3bed0.json]
[2025-07-01 16:44:43,136] INFO] Saved article to queue\634ea010-17cd-459b-b716-34f719005bb5.json]
[2025-07-01 16:44:43,138] INFO] Saved article to queue\ac2edb83-b197-4ed0-be58-a74d7f5b42e3.json]
[2025-07-01 16:44:43,139] INFO] Saved article to queue\3a5cd4a0-7452-42df-86f0-6a45c6935605.json]
[2025-07-01 16:44:43,140] INFO] Saved article to queue\67c12858-610b-4d9f-99ee-66e36e5c072c.json]
[2025-07-01 16:44:43,141] INFO] Saved article to queue\3418a9ee-d31a-4233-a444-995eb46bf6e5.json]
[2025-07-01 16:44:43,143] INFO] Saved article to queue\37e1fd7f-99f4-404d-9870-8696c8db0013.json]
[2025-07-01 16:44:43,145] INFO] Saved article to queue\4f61b91d-d445-4c34-ae68-24c61a5e6613.json]
[2025-07-01 16:44:43,146] INFO] Saved article to queue\9dedd5f8-7fa8-4caa-9f66-f8dfacac02c4.json]
[2025-07-01 16:44:43,148] INFO] Saved article to queue\a0d75486-2eeb-4f48-90bf-9bf8ce2733cf.json]
[2025-07-01 16:44:43,149] INFO] Saved article to queue\7d2a21d2-22f3-4b51-b87b-5846a6be8eef.json]
[2025-07-01 16:44:43,150] INFO] Saved article to queue\3930b0c4-2d15-4dff-a7a8-f9c6754a03ea.json]
[2025-07-01 16:44:43,152] INFO] Saved article to queue\1269efd8-70b7-4eac-95bc-0a6448d69c27.json]
[2025-07-01 16:44:43,153] INFO] Saved article to queue\4f04b903-c634-47a7-abdb-c1b091c8fd50.json]
[2025-07-01 16:44:43,154] INFO] Saved article to queue\7c5685d9-1e0e-4a4b-b881-5ca2d0580a58.json]
[2025-07-01 16:44:43,156] INFO] Saved article to queue\e56937e3-a004-4e85-9177-5c93e8943f11.json]
[2025-07-01 16:44:43,158] INFO] Saved article to queue\29a87214-8719-49e2-9286-b0bdab3f0b56.json]
[2025-07-01 16:44:43,160] INFO] Saved article to queue\06fcd0e8-a1cb-49a0-be30-63679fbf495e.json]
[2025-07-01 16:44:43,162] INFO] Saved article to queue\66a00b1f-cace-4ae2-8348-4fe9a4421951.json]
[2025-07-01 16:44:43,164] INFO] Saved article to queue\4c587720-b248-40a6-bfa7-cfd0c72c36bc.json]
[2025-07-01 16:44:43,165] INFO] Saved article to queue\c2217baf-a6f6-4889-9e5f-67c660efd3f7.json]
[2025-07-01 16:44:43,167] INFO] Saved article to queue\50d8816f-bc87-4d44-a11b-e444ef4d1ad9.json]
[2025-07-01 16:44:43,168] INFO] Saved article to queue\e3ea7602-d97d-4e82-bc8b-96478f1fe027.json]
[2025-07-01 16:44:43,169] INFO] Saved article to queue\9ae2ce01-035b-440c-9e96-1d9dc9bd8b82.json]
[2025-07-01 16:44:43,171] INFO] Saved article to queue\ab85f1e6-8227-4cc8-a38f-cba67e987fe3.json]
[2025-07-01 16:44:43,172] INFO] Saved article to queue\fde5140d-fd50-4abd-8f6e-b51d1ca7609d.json]
[2025-07-01 16:44:43,174] INFO] Saved article to queue\881b1399-b44f-4413-9ef0-38ecff49df18.json]
[2025-07-01 16:44:43,175] INFO] Saved article to queue\a5ab4597-aeee-4c91-9b11-822bd9cb3855.json]
[2025-07-01 16:44:43,177] INFO] Saved article to queue\24b7f2e1-d62c-4e68-8341-ddae9e2b5439.json]
[2025-07-01 16:44:43,178] INFO] Saved article to queue\894ed695-0082-47f6-8396-88747e639cb6.json]
[2025-07-01 16:44:43,179] INFO] Saved article to queue\6c37b9e4-8ff1-4123-b46c-9c0d8b577691.json]
[2025-07-01 16:44:43,181] INFO] Saved article to queue\66ea20ac-6a8d-4cce-8df9-7833fff10e30.json]
[2025-07-01 16:44:43,182] INFO] Saved article to queue\72bbcd67-7168-4be7-83cc-b7dea07e419a.json]
[2025-07-01 16:44:43,184] INFO] Saved article to queue\674aeda5-86d9-4a06-bd8c-a4404109ed1b.json]
[2025-07-01 16:44:43,185] INFO] Saved article to queue\dd0d755d-4e01-4c26-9d47-db06e8b19bb2.json]
[2025-07-01 16:44:43,187] INFO] Saved article to queue\91fd85f6-d276-46c9-874f-4a4b01143c79.json]
[2025-07-01 16:44:43,188] INFO] Saved article to queue\05aeb8c4-8c9d-4b24-8e16-69131d1304b0.json]
[2025-07-01 16:44:43,189] INFO] Saved article to queue\2d9eb3c8-4cf3-4f23-9b97-68c001a4e253.json]
[2025-07-01 16:44:43,191] INFO] Saved article to queue\d5748638-ddeb-4d15-b753-cac2c0cc17e3.json]
[2025-07-01 16:44:43,193] INFO] Saved article to queue\20094d9b-dcf1-46e9-9ee4-95c0a7cd3857.json]
[2025-07-01 16:44:43,197] INFO] Saved article to queue\505b7abd-646a-4c8f-aeb2-baf67e0ec44b.json]
[2025-07-01 16:44:43,198] INFO] Saved article to queue\0dc029e6-a6c3-4c88-b5a5-dff34985bb14.json]
[2025-07-01 16:44:43,199] INFO] Saved article to queue\cc09b04d-1ba7-4d3f-8130-e259fbc46861.json]
[2025-07-01 16:44:43,201] INFO] Saved article to queue\6070c557-6af0-4630-bf00-a80e9ee4eaab.json]
[2025-07-01 16:44:43,202] INFO] Saved article to queue\a2b6a424-218a-4eb8-9b46-7c029d1821a6.json]
[2025-07-01 16:44:43,205] INFO] Saved article to queue\50c2c980-33de-483a-bb6f-e038cf8859ad.json]
[2025-07-01 16:44:43,206] INFO] Saved article to queue\194257d5-41fa-41d0-9462-2335417dc1df.json]
[2025-07-01 16:44:43,208] INFO] Saved article to queue\510a63a7-74f3-40b9-90ae-52f2ae4c759e.json]
[2025-07-01 16:44:43,209] INFO] Saved article to queue\ef1c2dc8-610d-4e1b-9107-b44b62c86b24.json]
[2025-07-01 16:44:43,211] INFO] Saved article to queue\32aab42a-d1ad-4291-9854-f6940a25d86c.json]
[2025-07-01 16:44:43,212] INFO] Saved article to queue\19cefe3b-e78c-42a7-a6a5-f5d842849bb0.json]
[2025-07-01 16:44:43,214] INFO] Saved article to queue\900f2fea-a17e-4ac3-9e88-61dcdaa88fa0.json]
[2025-07-01 16:44:43,215] INFO] Saved article to queue\771b3e46-ee9e-425b-a908-974a3138d704.json]
[2025-07-01 16:44:43,217] INFO] Saved article to queue\b78077a2-00e7-4cbf-8229-f5204f3782e5.json]
[2025-07-01 16:44:43,218] INFO] Saved article to queue\992f7603-f6c8-4cb1-a559-5f63ce404928.json]
[2025-07-01 16:44:43,219] INFO] Saved article to queue\946d10a5-7b88-4fa2-82bf-4b4ef0cf57c3.json]
[2025-07-01 16:44:43,221] INFO] Saved article to queue\6c532375-3d53-4732-b0c7-72038bc0e999.json]
[2025-07-01 16:44:43,222] INFO] Saved article to queue\22682b53-a143-4923-ad10-8964a91f6557.json]
[2025-07-01 16:44:43,223] INFO] Saved article to queue\636abb85-52aa-4b83-996e-8001897b8a12.json]
[2025-07-01 16:44:43,225] INFO] Saved article to queue\7de8b996-d500-443f-8e31-7dbbdf06f45e.json]
[2025-07-01 16:44:43,226] INFO] Saved article to queue\84624134-68af-458c-a98d-a2916a53638e.json]
[2025-07-01 16:44:43,227] INFO] Saved article to queue\3309f015-0de2-4a3a-bf57-d6e1d641e963.json]
[2025-07-01 16:44:43,229] INFO] Saved article to queue\21ea685e-7bd2-4804-a91d-466015447280.json]
[2025-07-01 16:44:43,230] INFO] Saved article to queue\a6391401-1bdc-4ac3-b039-802486ac5410.json]
[2025-07-01 16:44:43,231] INFO] Saved article to queue\1d36110c-2307-4c96-936e-7444fb82c6b3.json]
[2025-07-01 16:44:43,233] INFO] Saved article to queue\0c4a3bb6-3289-4a4d-ba5c-4ef7b82f4f7d.json]
[2025-07-01 16:44:43,234] INFO] Saved article to queue\680203b2-9d14-4f74-b159-a33fb84901b9.json]
[2025-07-01 16:44:43,235] INFO] Saved article to queue\07fd182f-db96-4272-b851-1f0a45dd6f56.json]
[2025-07-01 16:44:43,237] INFO] Saved article to queue\92590038-b313-4691-85b9-2949e7ca4125.json]
[2025-07-01 16:44:43,238] INFO] Saved article to queue\c828e21e-1414-48db-afb2-d0ed17ed73f0.json]
[2025-07-01 16:44:43,239] INFO] Saved article to queue\db649062-c094-46aa-b7e5-f4bf6b560c98.json]
[2025-07-01 16:44:43,243] INFO] Saved article to queue\c846b053-5b2e-41a6-918e-a035e7cc2471.json]
[2025-07-01 16:44:43,244] INFO] Saved article to queue\6a8943e5-25cc-4d12-9772-89fb163e78de.json]
[2025-07-01 16:44:43,245] INFO] Saved article to queue\59af9bf3-0dd0-4bff-9d9a-45d4a20d5b75.json]
[2025-07-01 16:44:43,247] INFO] Saved article to queue\47957960-e8b6-4ea1-8349-7ac11fa83228.json]
[2025-07-01 16:44:43,248] INFO] Saved article to queue\a94f2ea7-1a26-4c29-876f-f1396e78019b.json]
[2025-07-01 16:44:43,249] INFO] Saved article to queue\9a91c3e5-4df0-46c8-888a-180358802d19.json]
[2025-07-01 16:44:43,250] INFO] Saved article to queue\6297d08b-f923-46b4-b80b-c71ec64392ef.json]
[2025-07-01 16:44:43,252] INFO] Saved article to queue\00d8695d-3857-4385-8e2c-13fb61d8daba.json]
[2025-07-01 16:44:43,253] INFO] Saved article to queue\20d44c8a-9ddf-4b09-9f7a-26ec8d53103f.json]
[2025-07-01 16:44:43,255] INFO] Saved article to queue\fbbfc5bd-169c-4663-8684-ee26599febfe.json]
[2025-07-01 16:44:43,256] INFO] Saved article to queue\fc455e3b-2f7b-4ce9-8893-ae6b3cedfb0a.json]
[2025-07-01 16:44:43,258] INFO] Saved article to queue\ecef3184-bc5f-4b03-9a67-a300722351af.json]
[2025-07-01 16:44:43,260] INFO] Saved article to queue\15da29bd-7daa-4731-a958-b9bc9b6a6af8.json]
[2025-07-01 16:44:43,262] INFO] Saved article to queue\a1d119f8-e9fa-4a90-89c4-d3fd417b096d.json]
[2025-07-01 16:44:43,263] INFO] Saved article to queue\f43bc607-c453-40fa-81bf-4dcdab5e3149.json]
[2025-07-01 16:44:43,265] INFO] Saved article to queue\08d0df96-e1f3-40e4-9ef7-1071eb4ecdd9.json]
[2025-07-01 16:44:43,266] INFO] Saved article to queue\4b67f0d8-3044-43e6-a359-30b4831235cb.json]
[2025-07-01 16:44:43,267] INFO] Saved article to queue\7b7788fe-687e-4a3b-b1d0-811431525e65.json]
[2025-07-01 16:44:43,269] INFO] Saved article to queue\cc4fd578-e039-43d5-bf04-1f1ee32ba167.json]
[2025-07-01 16:44:43,270] INFO] Saved article to queue\c20f4743-fc0a-41ed-a05e-437f98762c8b.json]
[2025-07-01 16:44:43,272] INFO] Saved article to queue\b5441e0e-e30b-48e9-95c0-cc6315716632.json]
[2025-07-01 16:44:43,273] INFO] Saved article to queue\203b671c-1698-4625-81bd-0d906edeacd7.json]
[2025-07-01 16:44:43,275] INFO] Saved article to queue\a56a319d-01f1-475f-afaa-1d7b1a64be8c.json]
[2025-07-01 16:44:43,276] INFO] Saved article to queue\7351bd85-066f-4f38-90d4-ebb68ea15f7a.json]
[2025-07-01 16:44:43,277] INFO] Saved article to queue\2a607385-880d-435c-ba6b-065cf9af19d4.json]
[2025-07-01 16:44:43,281] INFO] Saved article to queue\11a522cb-7d6e-4d52-b9e2-bac697d4ce7a.json]
[2025-07-01 16:44:43,282] INFO] Saved article to queue\590ae018-1691-4805-8129-f46035f2fbbc.json]
[2025-07-01 16:44:43,284] INFO] Saved article to queue\092f5f5a-76e9-4b8d-a85a-4f633169ee06.json]
[2025-07-01 16:44:43,285] INFO] Saved article to queue\38cfe56d-fcc9-4ee4-b24c-1d45fca70e0d.json]
[2025-07-01 16:44:43,286] INFO] Saved article to queue\93ebaf1a-3cd4-4ea5-8fec-9ecb86efce17.json]
[2025-07-01 16:44:43,288] INFO] Saved article to queue\be241d14-f274-40f4-a97f-c9ed39200c61.json]
[2025-07-01 16:44:43,289] INFO] Saved article to queue\b48a1dc5-1d78-42f1-9781-975f7e28ac5c.json]
[2025-07-01 16:44:43,290] INFO] Saved article to queue\f174a3fb-3c3a-49c3-b100-402c788840a5.json]
[2025-07-01 16:44:43,292] INFO] Saved article to queue\c4463085-d308-4c95-af93-aeb327f4cfb9.json]
[2025-07-01 16:44:43,294] INFO] Saved article to queue\0f08e501-eee4-4cbe-ba50-f542368d7b52.json]
[2025-07-01 16:44:43,296] INFO] Saved article to queue\3692f8d2-c946-4a70-9dcc-e45a255e86de.json]
[2025-07-01 16:44:43,297] INFO] Saved article to queue\5a430d11-1fc6-4359-88c2-b60faf321b11.json]
[2025-07-01 16:44:43,299] INFO] Saved article to queue\bd5680d8-278f-46c3-afb1-183a6128461a.json]
[2025-07-01 16:44:43,300] INFO] Saved article to queue\de3a7c0a-41d8-477a-82b8-062b4035de48.json]
[2025-07-01 16:44:43,301] INFO] Saved article to queue\c72be55c-7f48-4b3c-afd9-762315a730d4.json]
[2025-07-01 16:44:43,303] INFO] Saved article to queue\bef9d474-e7c3-4d57-8d34-994cce4b4c1f.json]
[2025-07-01 16:44:43,304] INFO] Saved article to queue\87e39f2a-60cd-4582-95f0-f9632149f4e6.json]
[2025-07-01 16:44:43,306] INFO] Saved article to queue\95c4f993-6df8-479e-9946-c73bd0748b1d.json]
[2025-07-01 16:44:43,307] INFO] Saved article to queue\6196f317-66f0-4ec3-a6b1-44e09e0bfe76.json]
[2025-07-01 16:44:43,308] INFO] Saved article to queue\c0d23641-afcd-4f07-b391-667ccb6a898c.json]
[2025-07-01 16:44:43,310] INFO] Saved article to queue\f098ad61-806d-44c0-85cd-634386c4e868.json]
[2025-07-01 16:44:43,311] INFO] Saved article to queue\68c6acd7-abfb-47e7-9f95-9c0de250b4c2.json]
[2025-07-01 16:44:43,313] INFO] Saved article to queue\3e159d97-5bb1-4ca2-85b1-a76d0ad8747e.json]
[2025-07-01 16:44:43,314] INFO] Saved article to queue\53a8cdb2-cb8b-4821-ba0e-65ffab624c00.json]
[2025-07-01 16:44:43,316] INFO] Saved article to queue\1453cca7-0a99-4881-bdb7-d7a0f5184267.json]
[2025-07-01 16:44:43,317] INFO] Saved article to queue\8da20fc0-427c-4480-9c77-45ee5bfbb498.json]
[2025-07-01 16:44:43,318] INFO] Saved article to queue\894d27c1-2b6a-4cc2-8160-94c69d75dca7.json]
[2025-07-01 16:44:43,320] INFO] Saved article to queue\3128afa1-72af-486e-957a-5043b4f1b23f.json]
[2025-07-01 16:44:43,321] INFO] Saved article to queue\e0257918-49aa-4a62-8e96-541a5bf791de.json]
[2025-07-01 16:44:43,322] INFO] Saved article to queue\1d5bb8cc-3300-46e0-8c95-dca8b4b9e0c1.json]
[2025-07-01 16:44:43,324] INFO] Saved article to queue\188c0bd9-c95b-46f8-ae77-72ceeb0a5a63.json]
[2025-07-01 16:44:43,326] INFO] Saved article to queue\4f7338e1-9c23-4599-83fb-8b5d6a787f83.json]
[2025-07-01 16:44:43,327] INFO] Saved article to queue\9acec237-2441-44b6-9f18-3b64ce520949.json]
[2025-07-01 16:44:43,329] INFO] Saved article to queue\423deaee-4327-4698-9050-71c6ce8a70c9.json]
[2025-07-01 16:44:43,330] INFO] Saved article to queue\4f6c4cd1-759c-4d70-890b-eb87e5cd3ea2.json]
[2025-07-01 16:44:43,332] INFO] Saved article to queue\a9a88278-b3b6-4507-ba81-d12e8e743024.json]
[2025-07-01 16:44:43,333] INFO] Saved article to queue\77a349dc-b66a-4472-9077-8122a96aab47.json]
[2025-07-01 16:44:43,335] INFO] Saved article to queue\b444f756-80b0-488b-9071-8ad7aa2097e8.json]
[2025-07-01 16:44:43,336] INFO] Saved article to queue\969ed9c6-4e73-46a1-a3fb-b9884c7a280e.json]
[2025-07-01 16:44:43,337] INFO] Saved article to queue\d9acbc67-244e-4ad1-9728-5be4732d558e.json]
[2025-07-01 16:44:43,339] INFO] Saved article to queue\5ce6d063-4a9d-476d-ba85-6abadf6a9b27.json]
[2025-07-01 16:44:43,340] INFO] Saved article to queue\e7829860-1c4e-455d-b63f-7a1fd4c85814.json]
[2025-07-01 16:44:43,341] INFO] Saved article to queue\dac40fd3-ded6-4c46-afee-c949a8399dca.json]
[2025-07-01 16:44:43,343] INFO] Saved article to queue\6d506926-1e0a-4973-9abb-2c1c1616c227.json]
[2025-07-01 16:44:43,344] INFO] Saved article to queue\77f2e9eb-c191-455f-a47a-3a6136fa2387.json]
[2025-07-01 16:44:43,345] INFO] Saved article to queue\964a428c-9044-462c-8fd4-1a12f1e3d5b3.json]
[2025-07-01 16:44:43,347] INFO] Saved article to queue\d310f42f-4b8a-4ab2-a7fa-88c69286a4d1.json]
[2025-07-01 16:44:43,348] INFO] Saved article to queue\0892903d-af1d-4fbb-abad-daafbf830b75.json]
[2025-07-01 16:44:43,349] INFO] Saved article to queue\be8b017c-c6ea-4c1a-b00f-3e3ac41172a3.json]
[2025-07-01 16:44:43,350] INFO] Saved article to queue\cdc4d4ae-e584-4df1-99f4-f82e43e60bea.json]
[2025-07-01 16:44:43,352] INFO] Saved article to queue\24027cb6-5cf6-4c42-abf9-3faf44ca0bd5.json]
[2025-07-01 16:44:43,353] INFO] Saved article to queue\fe0b823a-f797-4df8-93f1-ae372bbb5597.json]
[2025-07-01 16:44:43,355] INFO] Saved article to queue\19a183f1-8981-4755-9b1e-58b4648fea90.json]
[2025-07-01 16:44:43,356] INFO] Saved article to queue\9ffa4e5c-de57-4d23-af4a-ad62c9a57641.json]
[2025-07-01 16:44:43,358] INFO] Saved article to queue\9660c673-7f72-46e7-bc43-1627bc788077.json]
[2025-07-01 16:44:43,360] INFO] Saved article to queue\05df8067-5b42-4365-893f-0ee873c4a4e4.json]
[2025-07-01 16:44:43,361] INFO] Saved article to queue\11fe67a0-a6f2-4085-9e46-00f61b713351.json]
[2025-07-01 16:44:43,363] INFO] Saved article to queue\92c4bc85-d4b6-4e7a-a57d-1fff3942e6e9.json]
[2025-07-01 16:44:43,365] INFO] Saved article to queue\1b35124b-ee62-4334-95c2-06f819e99c6b.json]
[2025-07-01 16:44:43,366] INFO] Saved article to queue\74abe2d6-7b10-4f43-ad52-2216cf615bfd.json]
[2025-07-01 16:44:43,367] INFO] Saved article to queue\a3cc16e0-cd98-44ce-89ae-1d79fb085289.json]
[2025-07-01 16:44:43,369] INFO] Saved article to queue\f8a18179-2719-4085-822b-37dcd727c1c2.json]
[2025-07-01 16:44:43,370] INFO] Saved article to queue\e61512b6-5d83-43bd-aee7-f07931bb9078.json]
[2025-07-01 16:44:43,371] INFO] Saved article to queue\9d85f345-aa34-4084-97ec-121fb70f8c76.json]
[2025-07-01 16:44:43,373] INFO] Saved article to queue\a67d271e-5c63-466f-97d1-2bcdc9832bff.json]
[2025-07-01 16:44:43,375] INFO] Saved article to queue\0254fa79-ad45-446f-8201-126e3b530cd3.json]
[2025-07-01 16:44:43,376] INFO] Saved article to queue\4febf820-f302-44d1-aed2-2f734b786b0c.json]
[2025-07-01 16:44:43,377] INFO] Saved article to queue\854744f8-46f2-4bec-bd84-fafd2490c33f.json]
[2025-07-01 16:44:43,379] INFO] Saved article to queue\940c5fb2-9f6d-4a09-b619-19f5c37c76ad.json]
[2025-07-01 16:44:43,380] INFO] Saved article to queue\9d45fa01-56df-4084-a55f-905b81f7e71c.json]
[2025-07-01 16:44:43,381] INFO] Saved article to queue\7636632a-6846-47cc-a719-4b71fd67e36c.json]
[2025-07-01 16:44:43,383] INFO] Saved article to queue\eaec7a9c-f3d2-40b1-9c79-b65e492f1285.json]
[2025-07-01 16:44:43,384] INFO] Saved article to queue\8eeec73f-0069-4112-8847-d54321b7f666.json]
[2025-07-01 16:44:43,385] INFO] Saved article to queue\224b671a-260a-492a-90b1-250ebab35c3f.json]
[2025-07-01 16:44:43,387] INFO] Saved article to queue\e4fbb5d1-1c55-4443-8770-c2b2f80486f4.json]
[2025-07-01 16:44:43,388] INFO] Saved article to queue\dca65625-98d7-4b23-8740-53e25dd0140b.json]
[2025-07-01 16:44:43,389] INFO] Saved article to queue\062b32b0-bf12-4a3d-8453-1c905b460633.json]
[2025-07-01 16:44:43,391] INFO] Saved article to queue\d77bf187-4284-49be-b7ba-3d6230e91fb1.json]
[2025-07-01 16:44:43,393] INFO] Saved article to queue\f5de2a3e-c034-483d-96af-7ee358d820d6.json]
[2025-07-01 16:44:43,394] INFO] Saved article to queue\833d124b-cf37-4bba-b6ac-6ca01e86ccba.json]
[2025-07-01 16:44:43,396] INFO] Saved article to queue\3976a521-cbff-42d1-8d91-32677cfddc9e.json]
[2025-07-01 16:44:43,397] INFO] Saved article to queue\2c5e3d26-a5db-4425-b1e6-251698ebfa98.json]
[2025-07-01 16:44:43,399] INFO] Saved article to queue\fb0e767f-4468-4339-9390-d5dd1828c03e.json]
[2025-07-01 16:44:43,400] INFO] Saved article to queue\c45a1a36-4788-4fb7-95a5-d11b38603a26.json]
[2025-07-01 16:44:43,402] INFO] Saved article to queue\811298d0-ecd5-480d-9556-43cc28bcc5cc.json]
[2025-07-01 16:44:43,403] INFO] Saved article to queue\07d1145e-691e-4249-8212-d9d949523b9e.json]
[2025-07-01 16:44:43,405] INFO] Saved article to queue\3b156630-2117-4fe8-836e-f282c3995704.json]
[2025-07-01 16:44:43,406] INFO] Saved article to queue\fbf86481-5e8d-4b7b-9480-b55c755611a8.json]
[2025-07-01 16:44:43,408] INFO] Saved article to queue\d33f2db5-69cd-4ec0-b7ad-62d4030818e8.json]
[2025-07-01 16:44:43,409] INFO] Saved article to queue\e5a895db-6675-4bf1-a758-3f7980c61ffb.json]
[2025-07-01 16:44:43,410] INFO] Saved article to queue\78efbe83-c872-4731-b469-59a01d6e7aab.json]
[2025-07-01 16:44:43,412] INFO] Saved article to queue\ae022045-0e2b-488e-bf17-8da5208039a9.json]
[2025-07-01 16:44:43,413] INFO] Saved article to queue\84bfae22-915b-4e82-a3d2-45992253e4b2.json]
[2025-07-01 16:44:43,415] INFO] Saved article to queue\159d7653-b62f-4156-8121-a500fb1b4cf7.json]
[2025-07-01 16:44:43,418] INFO] Saved article to queue\be98fae2-14e6-4f68-9847-f1cdc0fd1172.json]
[2025-07-01 16:44:43,419] INFO] Saved article to queue\a5079f1a-f98e-48c4-8b6a-e49b5ab45054.json]
[2025-07-01 16:44:43,420] INFO] Saved article to queue\1760e46f-8bdf-4d17-982e-d55269dd3cfc.json]
[2025-07-01 16:44:43,422] INFO] Saved article to queue\9cdb1e93-66bd-439e-8311-db854d9589f2.json]
[2025-07-01 16:44:43,423] INFO] Saved article to queue\4b9decd9-c772-4fc4-96fb-45e89a168494.json]
[2025-07-01 16:44:43,425] INFO] Saved article to queue\201e9a87-8717-487a-b71c-b3d84da4f691.json]
[2025-07-01 16:44:43,427] INFO] Saved article to queue\d9ca4e89-917f-4641-aa9c-016e03b31391.json]
[2025-07-01 16:44:43,429] INFO] Saved article to queue\50ddfe41-7637-4dea-9fab-b8d5bfc4579d.json]
[2025-07-01 16:44:43,430] INFO] Saved article to queue\1d4dcac6-9748-40da-9b1e-c8e2566f0588.json]
[2025-07-01 16:44:43,431] INFO] Saved article to queue\d1a4c136-609b-4a59-88cb-f88a36424035.json]
[2025-07-01 16:44:43,433] INFO] Saved article to queue\9106e202-6b51-4885-9a1f-6965f1abc51f.json]
[2025-07-01 16:44:43,434] INFO] Saved article to queue\4169d97e-6597-4107-a61f-cd8dd9b1dafd.json]
[2025-07-01 16:44:43,436] INFO] Saved article to queue\a41956e4-ed42-420d-baf6-a8b5f8eceaa6.json]
[2025-07-01 16:44:43,437] INFO] Saved article to queue\6ae26fe5-f8c3-42f9-8fc5-028ae0f3f115.json]
[2025-07-01 16:44:43,438] INFO] Saved article to queue\ea672d61-d272-49b3-8a62-d87017783d84.json]
[2025-07-01 16:44:43,440] INFO] Saved article to queue\2f7097d9-0886-4fe6-8511-e3029fcf75dc.json]
[2025-07-01 16:44:43,441] INFO] Saved article to queue\027e9515-baa1-42b8-b50b-b8ecf8958da5.json]
[2025-07-01 16:44:43,442] INFO] Saved article to queue\9198695b-ba81-4244-b92a-b3780f556415.json]
[2025-07-01 16:44:43,444] INFO] Saved article to queue\465f1e0a-bac4-4276-8176-d198a78b38f0.json]
[2025-07-01 16:44:43,445] INFO] Saved article to queue\d0500cdf-3a71-43f6-a48f-f6a056a2d193.json]
[2025-07-01 16:44:43,447] INFO] Saved article to queue\fb4b4dfd-8344-40c1-9c8d-6f6e0f745e7d.json]
[2025-07-01 16:44:43,448] INFO] Saved article to queue\6b0312a5-d65d-40db-afb8-5e4ae3448d38.json]
[2025-07-01 16:44:43,449] INFO] Saved article to queue\cb9b04bb-b86a-4d11-ba29-91df036e7492.json]
[2025-07-01 16:44:43,451] INFO] Saved article to queue\43631961-f6c1-4423-bbac-ce49e78d508d.json]
[2025-07-01 16:44:43,452] INFO] Saved article to queue\917f336b-f502-4a52-b7e7-e31ff4e64ffe.json]
[2025-07-01 16:44:43,454] INFO] Saved article to queue\1fa7a7c6-f4ef-4022-a7f2-a1c8b120c07f.json]
[2025-07-01 16:44:43,455] INFO] Saved article to queue\0757cc9f-71d6-4314-bf8f-60e8118129f0.json]
[2025-07-01 16:44:43,457] INFO] Saved article to queue\fe106e40-cf53-4753-b516-eec1056f9e83.json]
[2025-07-01 16:44:43,459] INFO] Saved article to queue\90863bf3-9819-4b79-8470-d0b0da6453ee.json]
[2025-07-01 16:44:43,460] INFO] Saved article to queue\716778e9-643f-4f99-adff-f7392ee6cab4.json]
[2025-07-01 16:44:43,462] INFO] Saved article to queue\c7d7e046-868c-4702-8253-a33e34bb7197.json]
[2025-07-01 16:44:43,463] INFO] Saved article to queue\600e22f3-c896-4a37-b360-fa283ef86468.json]
[2025-07-01 16:44:43,465] INFO] Saved article to queue\8e76175f-0549-408b-afb7-a2fd73d03941.json]
[2025-07-01 16:44:43,469] INFO] Saved article to queue\69901753-47a3-442b-b59a-1c0e482eef07.json]
[2025-07-01 16:44:43,470] INFO] Saved article to queue\1abdb1f4-f2d1-409c-a12d-fdf66ad962e3.json]
[2025-07-01 16:44:43,472] INFO] Saved article to queue\4b99eeab-eee7-46bc-9e42-b4bb33406cdf.json]
[2025-07-01 16:44:43,473] INFO] Saved article to queue\5a5322e6-476b-45ad-b0e2-ea26adcf6b89.json]
[2025-07-01 16:44:43,475] INFO] Saved article to queue\60c35994-4e5c-4dc8-bd2c-e54f2f4c940a.json]
[2025-07-01 16:44:43,476] INFO] Saved article to queue\2e708c8c-f5e0-4f2c-bc1e-8f1051aadc29.json]
[2025-07-01 16:44:43,478] INFO] Saved article to queue\3565410a-45eb-4cda-bcbf-38dcdf225727.json]
[2025-07-01 16:44:43,479] INFO] Saved article to queue\426d21b8-6340-4fd4-8d74-7cd91a649d98.json]
[2025-07-01 16:44:43,480] INFO] Saved article to queue\2f5772cf-f705-4f0a-b11f-eb6b16a61047.json]
[2025-07-01 16:44:43,482] INFO] Saved article to queue\b8718914-8012-4812-ac1e-c04be62dc004.json]
[2025-07-01 16:44:43,483] INFO] Saved article to queue\07f6d6c3-8f31-4e8a-bcd4-fdbc8e515a94.json]
[2025-07-01 16:44:43,484] INFO] Saved article to queue\513d25ac-2557-4b27-8746-759ea4ea3492.json]
[2025-07-01 16:44:43,486] INFO] Saved article to queue\c0c18904-db56-4ac7-be3a-f1805792c6e2.json]
[2025-07-01 16:44:43,487] INFO] Saved article to queue\926eab95-7f65-45ba-ac3e-0c1a6506a1c9.json]
[2025-07-01 16:44:43,488] INFO] Saved article to queue\c085a824-fe31-4678-983c-f705893da539.json]
[2025-07-01 16:44:43,490] INFO] Saved article to queue\7435a063-1772-4014-aa56-43d7b16163c0.json]
[2025-07-01 16:44:43,491] INFO] Saved article to queue\950f8bd8-0808-4d40-9a78-efc0265e0ef4.json]
[2025-07-01 16:44:43,493] INFO] Saved article to queue\f88978e8-29aa-411e-9c17-fcae486e00f7.json]
[2025-07-01 16:44:43,495] INFO] Saved article to queue\b0a00baa-63f7-4ed3-af84-9f205f241934.json]
[2025-07-01 16:44:43,497] INFO] Saved article to queue\0141442b-f36c-4a77-ae54-a8af06d0c12e.json]
[2025-07-01 16:44:43,498] INFO] Saved article to queue\23ba053b-8ff7-4e3d-9014-d801cf6995a2.json]
[2025-07-01 16:44:43,500] INFO] Saved article to queue\8abc94ff-f576-4cdd-b6e5-f03a484af197.json]
[2025-07-01 16:44:43,501] INFO] Saved article to queue\998ff679-0d36-45ac-8680-0c21bdd68d13.json]
[2025-07-01 16:44:43,502] INFO] Saved article to queue\88ccf959-a06e-4fee-95be-31f9ed6fbc38.json]
[2025-07-01 16:44:43,504] INFO] Saved article to queue\be907a87-12e5-4768-8c73-6cbe90f09a33.json]
[2025-07-01 16:44:43,506] INFO] Saved article to queue\571abc1b-da3c-4728-9daf-732dac127050.json]
[2025-07-01 16:44:43,507] INFO] Saved article to queue\4973f44d-1d1f-42b2-94bb-6b0c295b9101.json]
[2025-07-01 16:44:43,508] INFO] Saved article to queue\b9b4dadb-4964-4d0a-b6bd-de89535b8fff.json]
[2025-07-01 16:44:43,510] INFO] Saved article to queue\5d99ef98-3426-4f4d-897d-0b2c2d045d86.json]
[2025-07-01 16:44:43,511] INFO] Saved article to queue\df0fed72-7518-44bb-81fb-50703e5c1909.json]
[2025-07-01 16:44:43,513] INFO] Saved article to queue\92366a18-9fc4-42a8-9a15-1897d019e8d9.json]
[2025-07-01 16:44:43,514] INFO] Saved article to queue\7cf603cc-c609-4f24-bea8-841cb5acf044.json]
[2025-07-01 16:44:43,515] INFO] Saved article to queue\6208a587-5692-4ec9-a4d2-e2a41288f605.json]
[2025-07-01 16:44:43,517] INFO] Saved article to queue\2c16408f-4787-465e-9ee2-433ff1ced94c.json]
[2025-07-01 16:44:43,518] INFO] Saved article to queue\c28f3c09-6359-43e0-b50d-0320beaf4bfe.json]
[2025-07-01 16:44:43,519] INFO] Saved article to queue\c4f508b2-dbbb-4320-8071-916eb802278a.json]
[2025-07-01 16:44:43,521] INFO] Saved article to queue\48a31f5a-c900-41e1-9315-b6bd42997232.json]
[2025-07-01 16:44:43,522] INFO] Saved article to queue\695d83ea-3bf0-4662-8a91-69a839e0f7cc.json]
[2025-07-01 16:44:43,524] INFO] Saved article to queue\c2052078-e98a-48ad-a511-fac4217a26cb.json]
[2025-07-01 16:44:43,526] INFO] Saved article to queue\6f7a5a69-c779-42c8-97f1-ca289d3fd39d.json]
[2025-07-01 16:44:43,527] INFO] Saved article to queue\4bd19d0b-c405-499d-bd97-c78768f2653b.json]
[2025-07-01 16:44:43,528] INFO] Saved article to queue\b1448003-555a-434c-b003-afb41ee40d63.json]
[2025-07-01 16:44:43,530] INFO] Saved article to queue\9ff2c8b0-eb27-4c26-b8c6-9de2bfa883f0.json]
[2025-07-01 16:44:43,531] INFO] Saved article to queue\dfb58bfe-3f1e-45c8-b04b-a13b40a9d1fa.json]
[2025-07-01 16:44:43,533] INFO] Saved article to queue\d7d00328-d388-4a42-a996-ec5acb9bb5d2.json]
[2025-07-01 16:44:43,534] INFO] Saved article to queue\2d3f5538-941b-4865-8526-ae46ded52fee.json]
[2025-07-01 16:44:43,535] INFO] Saved article to queue\21694838-b8eb-4541-a152-a798ee140eb0.json]
[2025-07-01 16:44:43,537] INFO] Saved article to queue\4567ef68-1c63-4e24-aa9d-9596c6b696dd.json]
[2025-07-01 16:44:43,538] INFO] Saved article to queue\a1b58ea3-8814-4336-8e50-0e3ab67f7d19.json]
[2025-07-01 16:44:43,540] INFO] Saved article to queue\6a2b18ff-aa6f-4747-896c-a11a60ed39d4.json]
[2025-07-01 16:44:43,541] INFO] Saved article to queue\498ddadb-b98e-4f76-ba41-117d3b6d8aff.json]
[2025-07-01 16:44:43,542] INFO] Saved article to queue\6ad173a0-bead-4a85-b9f6-47d0dd337e93.json]
[2025-07-01 16:44:43,543] INFO] Saved article to queue\f807b745-0c7a-46bb-8142-0352dca7867d.json]
[2025-07-01 16:44:43,545] INFO] Saved article to queue\75722d8f-e01f-48a7-8cff-df1291256f21.json]
[2025-07-01 16:44:43,546] INFO] Saved article to queue\ce0b7ed1-41e6-4c5b-b3e7-0c4fb10a176c.json]
[2025-07-01 16:44:43,547] INFO] Saved article to queue\0ea0169f-b3c4-4c4b-bbaa-8be08c56316d.json]
[2025-07-01 16:44:43,549] INFO] Saved article to queue\e4b5d222-19d7-4cfe-a6dc-dbb585163671.json]
[2025-07-01 16:44:43,550] INFO] Saved article to queue\d35dc93d-fc26-41b8-b9d7-0057cc667cec.json]
[2025-07-01 16:44:43,551] INFO] Saved article to queue\0c569260-3834-48ae-a487-fa02bc67e425.json]
[2025-07-01 16:44:43,553] INFO] Saved article to queue\56e7470e-cf5b-4699-81b8-e5c829c3b496.json]
[2025-07-01 16:44:43,554] INFO] Saved article to queue\d01476ce-5368-4ea4-82be-e99ad3c58e18.json]
[2025-07-01 16:44:43,558] INFO] Saved article to queue\ebb9972a-ca46-4840-84cd-82df82154419.json]
[2025-07-01 16:44:43,559] INFO] Saved article to queue\b25ebb4b-a0b5-42d7-be7f-30fc7e55e19c.json]
[2025-07-01 16:44:43,561] INFO] Saved article to queue\4d65aa3a-89b4-43c5-8ce7-615080516349.json]
[2025-07-01 16:44:43,563] INFO] Saved article to queue\2bccc0cd-3479-4634-b228-d898d1755b09.json]
[2025-07-01 16:44:43,564] INFO] Saved article to queue\f583b8fc-d628-4fd7-a18d-00f2a4b0a6df.json]
[2025-07-01 16:44:43,565] INFO] Saved article to queue\8eddb4d3-2de4-46b2-85ef-0fb31b6bdeaa.json]
[2025-07-01 16:44:43,567] INFO] Saved article to queue\855e52c3-be4d-43c3-8652-c186a6b3c988.json]
[2025-07-01 16:44:43,568] INFO] Saved article to queue\4f262859-3350-491f-9f09-7101749e2d28.json]
[2025-07-01 16:44:43,570] INFO] Saved article to queue\e1504739-682d-436d-8630-39b2d6c57e57.json]
[2025-07-01 16:44:43,571] INFO] Saved article to queue\f457833e-227a-4c45-9f65-5e10bc7cbf2d.json]
[2025-07-01 16:44:43,573] INFO] Saved article to queue\5c6fa1bf-0a73-425e-8926-faeb68cc46ba.json]
[2025-07-01 16:44:43,574] INFO] Saved article to queue\0e4012fe-306a-429e-b59f-9d3b4859fc26.json]
[2025-07-01 16:44:43,575] INFO] Saved article to queue\6b2342cd-023b-4ec2-b867-8f2e7cf32ba4.json]
[2025-07-01 16:44:43,577] INFO] Saved article to queue\4061ec77-176a-416d-81bc-fa66b1bf8069.json]
[2025-07-01 16:44:43,578] INFO] Saved article to queue\8fa5ac89-8ec4-4cf6-97f0-6aae013d445f.json]
[2025-07-01 16:44:43,579] INFO] Saved article to queue\7db59220-3408-4016-8875-5ff9506b617d.json]
[2025-07-01 16:44:43,581] INFO] Saved article to queue\0ba7f078-8ab8-4a5c-be20-a2a1579e391f.json]
[2025-07-01 16:44:43,582] INFO] Saved article to queue\01590c62-b4e0-4643-9bd5-f07ebf32aecd.json]
[2025-07-01 16:44:43,583] INFO] Saved article to queue\11453760-27a0-4239-a64c-77a8e1ad381a.json]
[2025-07-01 16:44:43,585] INFO] Saved article to queue\982b1225-7975-4846-b6c9-0fbfa81eff69.json]
[2025-07-01 16:44:43,586] INFO] Saved article to queue\f3ce078e-b317-4574-a10c-27063341ddb6.json]
[2025-07-01 16:44:43,588] INFO] Saved article to queue\10d42994-bf5a-43d4-9c8a-75ceead18579.json]
[2025-07-01 16:44:43,589] INFO] Saved article to queue\3f379910-6f67-4492-8b54-cea885765f3d.json]
[2025-07-01 16:44:43,591] INFO] Saved article to queue\ac91f7fb-cfe5-45f7-a9a8-30720e5622dc.json]
[2025-07-01 16:44:43,592] INFO] Saved article to queue\397ff2ef-3b4b-4aee-a6d9-f2396cc3554e.json]
[2025-07-01 16:44:43,594] INFO] Saved article to queue\9dc9145f-70ae-4488-a322-0ab90e70defd.json]
[2025-07-01 16:44:43,597] INFO] Saved article to queue\8155c9ea-f092-4d43-9b47-31abbef54745.json]
[2025-07-01 16:44:43,598] INFO] Saved article to queue\d8acc144-8469-4469-b5cf-f041f6df8110.json]
[2025-07-01 16:44:43,600] INFO] Saved article to queue\688f555b-845b-4668-aff7-ea2a9721cb17.json]
[2025-07-01 16:44:43,603] INFO] Saved article to queue\643518d9-5743-4efa-8388-a49b7edf5a43.json]
[2025-07-01 16:44:43,605] INFO] Saved article to queue\85030648-de6d-4af4-b93c-c92a060813bc.json]
[2025-07-01 16:44:43,606] INFO] Saved article to queue\6de137ac-0248-4c05-aab2-2fcbacc4cf0e.json]
[2025-07-01 16:44:43,608] INFO] Saved article to queue\5a6a47fd-a6c7-4338-a231-2b30d79e62f8.json]
[2025-07-01 16:44:43,610] INFO] Saved article to queue\96c7833d-8aa7-42aa-8e9a-ce268612490e.json]
[2025-07-01 16:44:43,611] INFO] Saved article to queue\7aff3b84-f830-4e00-a678-f67b6d8b6795.json]
[2025-07-01 16:44:43,613] INFO] Saved article to queue\c87f954b-1f41-483a-bdbe-2f4db50c5a6a.json]
[2025-07-01 16:44:43,615] INFO] Saved article to queue\214876bd-1071-4f8b-8d14-0e737f8af567.json]
[2025-07-01 16:44:43,617] INFO] Saved article to queue\ab613ec6-ec55-4fd4-a0d8-35e29e0648be.json]
[2025-07-01 16:44:43,618] INFO] Saved article to queue\8688c4c8-db1f-49ea-89e9-041452bfb990.json]
[2025-07-01 16:44:43,620] INFO] Saved article to queue\89c829a7-a9ea-48ae-860f-a103551b22e8.json]
[2025-07-01 16:44:43,622] INFO] Saved article to queue\9972bee0-df93-4dd1-ab09-79433957ca4a.json]
[2025-07-01 16:44:43,623] INFO] Saved article to queue\d14df1ee-d443-4f6b-9975-8a5360efc653.json]
[2025-07-01 16:44:43,626] INFO] Saved article to queue\fbef1dbd-4e6b-4157-a8ce-9247c8842e2b.json]
[2025-07-01 16:44:43,628] INFO] Saved article to queue\5a01f942-2b5e-4bbf-b7be-63c6975c25c6.json]
[2025-07-01 16:44:43,629] INFO] Saved article to queue\2a0b806d-be5d-419c-8bc0-f200f4b0db22.json]
[2025-07-01 16:44:43,631] INFO] Saved article to queue\f3636610-066b-41bd-afb6-08c0977b223b.json]
[2025-07-01 16:44:43,633] INFO] Saved article to queue\ab505704-ff5c-4af4-9888-22a11a8de48a.json]
[2025-07-01 16:44:43,635] INFO] Saved article to queue\3a2cddae-8f56-4b92-bf8b-05ddb3d2e3d7.json]
[2025-07-01 16:44:43,637] INFO] Saved article to queue\069b55fe-235e-45e5-adce-23b6e5d4c49f.json]
[2025-07-01 16:44:43,639] INFO] Saved article to queue\48ed93a1-ca84-4c25-b2e8-3f511a016562.json]
[2025-07-01 16:44:43,641] INFO] Saved article to queue\d8946636-c5fb-46cc-8f1d-adaa75ebb7ce.json]
[2025-07-01 16:44:43,642] INFO] Saved article to queue\9962d70f-1bb6-4a1e-8605-d604f13ef516.json]
[2025-07-01 16:44:43,644] INFO] Saved article to queue\4afc8e6b-bd5e-4cdd-87d7-20dcdc435826.json]
[2025-07-01 16:44:43,646] INFO] Saved article to queue\ccce0ab6-79ef-4898-8863-7fa55b6cdd61.json]
[2025-07-01 16:44:43,648] INFO] Saved article to queue\04d909ca-53c6-4701-858e-4c14142490a9.json]
[2025-07-01 16:44:43,649] INFO] Saved article to queue\7e2593c5-7825-49f4-8125-c5d8ca5838fe.json]
[2025-07-01 16:44:43,651] INFO] Saved article to queue\3c4bb565-440f-4f10-b0f3-d57d56b0f182.json]
[2025-07-01 16:44:43,652] INFO] Saved article to queue\115edb39-827d-4a20-98db-0b5db2ee7fd4.json]
[2025-07-01 16:44:43,654] INFO] Saved article to queue\5c4a3886-c7d0-49c0-9cb8-9495e2fdec9a.json]
[2025-07-01 16:44:43,656] INFO] Saved article to queue\02da4473-d483-4198-9a9d-5f922fd38d6d.json]
[2025-07-01 16:44:43,657] INFO] Saved article to queue\057d0073-4068-4538-b924-7ff120627554.json]
[2025-07-01 16:44:43,658] INFO] Saved article to queue\1898ee22-58bb-4073-8b62-0a419815cff0.json]
[2025-07-01 16:44:43,660] INFO] Saved article to queue\666ca70c-8f32-430b-88c3-2cfb11a8c553.json]
[2025-07-01 16:44:43,662] INFO] Saved article to queue\bf4cfdd2-172b-4d69-ae0a-d0c0c8d0296e.json]
[2025-07-01 16:44:43,663] INFO] Saved article to queue\2e9b5877-c643-4f5e-9d55-439d0f529a19.json]
[2025-07-01 16:44:43,665] INFO] Saved article to queue\419b2019-2e47-48b3-894b-166608898fd9.json]
[2025-07-01 16:44:43,666] INFO] Saved article to queue\738d3c6d-5a2e-4e41-991d-fff41ad64ab1.json]
[2025-07-01 16:44:43,667] INFO] Saved article to queue\f5d7af75-df62-4331-99ff-2c0ee3ceafaf.json]
[2025-07-01 16:44:43,669] INFO] Saved article to queue\0eaa2d81-c944-4949-bd79-02f03713a26a.json]
[2025-07-01 16:44:43,670] INFO] Saved article to queue\b6576896-7ecb-4597-a0bd-e7518dc1f5b0.json]
[2025-07-01 16:44:43,672] INFO] Saved article to queue\a30d7b43-631a-4d78-8989-ba71161178dd.json]
[2025-07-01 16:44:43,674] INFO] Saved article to queue\5ad856bb-560c-458b-b3ad-5fc37d96a281.json]
[2025-07-01 16:44:43,678] INFO] Saved article to queue\6397427d-dd71-4f51-8638-f13e22e7809f.json]
[2025-07-01 16:44:43,680] INFO] Saved article to queue\a57011b5-c825-47ec-9e96-482c22e088a7.json]
[2025-07-01 16:44:43,682] INFO] Saved article to queue\d0984d52-848e-4b6f-9166-db486727d568.json]
[2025-07-01 16:44:43,683] INFO] Saved article to queue\e9e1d278-f947-475f-a6fd-0d2e0e82b857.json]
[2025-07-01 16:44:43,684] INFO] Saved article to queue\e145d746-5184-46c6-a2f5-50a9cf70b282.json]
[2025-07-01 16:44:43,686] INFO] Saved article to queue\c6840b09-3aa5-4fca-8b9a-8b0379f6608c.json]
[2025-07-01 16:44:43,687] INFO] Saved article to queue\f300a258-bf01-4c3a-a18a-028f1fd9076d.json]
[2025-07-01 16:44:43,689] INFO] Saved article to queue\7ba3e67c-a62b-48af-b4ca-370d07824cbb.json]
[2025-07-01 16:44:43,690] INFO] Saved article to queue\6bd23eca-73c0-4841-949c-76dee605f983.json]
[2025-07-01 16:44:43,692] INFO] Saved article to queue\1108977d-e498-4bc2-9ed5-d6312d642827.json]
[2025-07-01 16:44:43,693] INFO] Saved article to queue\96f96e9c-f00e-47fa-9b92-afe74008fe9b.json]
[2025-07-01 16:44:43,695] INFO] Saved article to queue\53da88d6-b75c-493b-87d0-491ac3da7815.json]
[2025-07-01 16:44:43,697] INFO] Saved article to queue\2730b101-e9b8-462f-926d-f653973afad0.json]
[2025-07-01 16:44:43,698] INFO] Saved article to queue\ddf80076-7e4c-4517-9c14-41c772a684f7.json]
[2025-07-01 16:44:43,699] INFO] Saved article to queue\a4226f4b-67df-4121-8997-d47e13a8309f.json]
[2025-07-01 16:44:43,701] INFO] Saved article to queue\1a69af95-def7-4e3b-a214-5da691ebb5fb.json]
[2025-07-01 16:44:43,702] INFO] Saved article to queue\38517983-4493-409b-91c2-86180a5aa48a.json]
[2025-07-01 16:44:43,703] INFO] Saved article to queue\b83666c6-057b-42c6-b07c-3badb0c131d4.json]
[2025-07-01 16:44:43,705] INFO] Saved article to queue\4139fdd2-ee06-4409-9042-51132137bee1.json]
[2025-07-01 16:44:43,707] INFO] Saved article to queue\be11bd6b-a1c9-4cb1-a4b5-0b226411630c.json]
[2025-07-01 16:44:43,708] INFO] Saved article to queue\76a22df1-eb81-4c9a-ac8e-d32169abbe58.json]
[2025-07-01 16:44:43,711] INFO] Saved article to queue\06a57fd4-afb4-4cf2-8a48-ca517b32285e.json]
[2025-07-01 16:44:43,713] INFO] Saved article to queue\e98d8ea8-845e-4bf1-80a1-e9768b635efc.json]
[2025-07-01 16:44:43,715] INFO] Saved article to queue\11cb553c-8021-4b5e-8a8a-f245f14567f1.json]
[2025-07-01 16:44:43,717] INFO] Saved article to queue\61faa289-706f-46f6-a879-54f610c3c052.json]
[2025-07-01 16:44:43,718] INFO] Saved article to queue\9db8bfe4-40c6-4137-80e8-0e493b65398c.json]
[2025-07-01 16:44:43,720] INFO] Saved article to queue\4e082ad5-1e2b-4b0b-aca5-a27090f25946.json]
[2025-07-01 16:44:43,721] INFO] Saved article to queue\d60e3d73-ca9f-40e7-be66-0f36e2d9cf58.json]
[2025-07-01 16:44:43,722] INFO] Saved article to queue\1693c7fc-1073-4fa0-a25d-64be9d54dbdd.json]
[2025-07-01 16:44:43,724] INFO] Saved article to queue\27a58c69-4e36-4418-b5ff-d90804e572d4.json]
[2025-07-01 16:44:43,725] INFO] Saved article to queue\109888f0-e511-427c-881e-7ef46fc33275.json]
[2025-07-01 16:44:43,727] INFO] Saved article to queue\b3258fd1-8439-4e05-bf55-7fa5953672ab.json]
[2025-07-01 16:44:43,728] INFO] Saved article to queue\387a1f16-9d62-48c2-9c93-625cb683ee8c.json]
[2025-07-01 16:44:43,730] INFO] Saved article to queue\044aebef-9c93-4dab-a23a-4b29e990983e.json]
[2025-07-01 16:44:43,731] INFO] Saved article to queue\c082c21c-923e-4fbe-9ca1-d62a1c07af82.json]
[2025-07-01 16:44:43,733] INFO] Saved article to queue\e2566304-391c-45f2-9b6b-c0f1640b6f6d.json]
[2025-07-01 16:44:43,735] INFO] Saved article to queue\c0b6fdad-6ba1-46e8-b3e1-a45e05517891.json]
[2025-07-01 16:44:43,736] INFO] Saved article to queue\e9decb6b-a8eb-4cbb-b5d5-fab95e49c52e.json]
[2025-07-01 16:44:43,737] INFO] Saved article to queue\3c4e3e7b-e1bd-45e3-9fc8-9e5a6d01346f.json]
[2025-07-01 16:44:43,739] INFO] Saved article to queue\a71591c3-ddef-472d-82fe-7ca084838ed8.json]
[2025-07-01 16:44:43,740] INFO] Saved article to queue\1e5dbb54-4286-4038-a486-52abdfc918ca.json]
[2025-07-01 16:44:43,745] INFO] Saved article to queue\9774a114-ea63-45ca-9305-2c2f1ff2a4ec.json]
[2025-07-01 16:44:43,750] INFO] Saved article to queue\7670a3d3-ca10-4c93-8792-b5fb6eb77906.json]
[2025-07-01 16:44:43,754] INFO] Saved article to queue\11942dd7-0585-4c91-93c2-2989e575af23.json]
[2025-07-01 16:44:43,760] INFO] Saved article to queue\d549b2a2-e1c9-4f5c-9df5-f8b9431d304c.json]
[2025-07-01 16:44:43,764] INFO] Saved article to queue\ccd550c0-fee0-47a7-b746-d8dc2509ac0e.json]
[2025-07-01 16:44:43,768] INFO] Saved article to queue\933fab78-aec8-43c2-9523-d8b9b7d31bd0.json]
[2025-07-01 16:44:43,772] INFO] Saved article to queue\85f6267a-5257-43fa-9cb6-85fab5afbc49.json]
[2025-07-01 16:44:43,776] INFO] Saved article to queue\966b521b-4b4b-425e-b40e-c9189342013c.json]
[2025-07-01 16:44:43,781] INFO] Saved article to queue\a4d012c0-a76b-4d0a-bfd9-bc0ceb193d83.json]
[2025-07-01 16:44:43,786] INFO] Saved article to queue\d063e3ec-accb-4d8d-8758-05e8e2366a4c.json]
[2025-07-01 16:44:43,791] INFO] Saved article to queue\ebbd81b2-d943-4156-a186-3cd467c438cc.json]
[2025-07-01 16:44:43,795] INFO] Saved article to queue\98ebf234-0593-44c4-a682-119ba2904a89.json]
[2025-07-01 16:44:43,800] INFO] Saved article to queue\29c6de6f-ad2e-466b-a80c-8aff96cfa183.json]
[2025-07-01 16:44:43,805] INFO] Saved article to queue\14bea375-0d25-42a5-a421-d936a89cc975.json]
[2025-07-01 16:44:43,810] INFO] Saved article to queue\ec354832-f3dc-4850-899f-b9441a4a8cb8.json]
